<?xml version="1.0" encoding="UTF-8"?>
<!-- Generated by org.testng.reporters.JUnitReportReporter -->
<testsuite hostname="DESKTOP-6MA0UT3" failures="0" tests="1" name="Practice.RadioButton" time="12.198" errors="0" timestamp="2024-04-10T13:29:30 IST" skipped="0">
  <testcase classname="Practice.RadioButton" name="verifyRadiobtn" time="12.198"/>
  <system-out/>
</testsuite> <!-- Practice.RadioButton -->
