<?xml version="1.0" encoding="UTF-8"?>
<!-- Generated by org.testng.reporters.JUnitReportReporter -->
<testsuite hostname="DESKTOP-6MA0UT3" failures="0" tests="1" name="Practice.Textbox" time="17.907" errors="0" timestamp="2024-04-10T16:41:46 IST" skipped="0">
  <testcase classname="Practice.Textbox" name="verifyTextbox" time="17.907"/>
  <system-out/>
</testsuite> <!-- Practice.Textbox -->
