<?xml version="1.0" encoding="UTF-8"?>
<!-- Generated by org.testng.reporters.JUnitReportReporter -->
<testsuite hostname="DESKTOP-6MA0UT3" failures="0" tests="1" name="Practice.WindowHandle" time="14.222" errors="0" timestamp="2024-04-10T22:08:30 IST" skipped="0">
  <testcase classname="Practice.WindowHandle" name="verifywindowhandle" time="14.222"/>
  <system-out/>
</testsuite> <!-- Practice.WindowHandle -->
