<?xml version="1.0" encoding="UTF-8"?>
<!-- Generated by org.testng.reporters.JUnitReportReporter -->
<testsuite hostname="DESKTOP-6MA0UT3" failures="0" tests="1" name="Practice.Dropdown" time="11.804" errors="0" timestamp="2024-04-10T17:19:15 IST" skipped="0">
  <testcase classname="Practice.Dropdown" name="verifydropdown" time="11.804"/>
  <system-out/>
</testsuite> <!-- Practice.Dropdown -->
