<?xml version="1.0" encoding="UTF-8"?>
<!-- Generated by org.testng.reporters.JUnitReportReporter -->
<testsuite hostname="DESKTOP-6MA0UT3" failures="0" tests="1" name="Practice.WebtableSumofprice" time="19.126" errors="0" timestamp="2024-04-15T10:40:57 IST" skipped="0">
  <testcase classname="Practice.WebtableSumofprice" name="verifysumofamount" time="19.126"/>
  <system-out/>
</testsuite> <!-- Practice.WebtableSumofprice -->
