<?xml version="1.0" encoding="UTF-8"?>
<!-- Generated by org.testng.reporters.JUnitReportReporter -->
<testsuite hostname="DESKTOP-6MA0UT3" failures="0" tests="1" name="Practice.AlertHandle" time="31.966" errors="0" timestamp="2024-04-11T06:27:15 IST" skipped="0">
  <testcase classname="Practice.AlertHandle" name="verifyalerthandle" time="31.966"/>
  <system-out/>
</testsuite> <!-- Practice.AlertHandle -->
