<?xml version="1.0" encoding="UTF-8"?>
<!-- Generated by org.testng.reporters.JUnitReportReporter -->
<testsuite hostname="DESKTOP-6MA0UT3" failures="0" tests="1" name="Practice.Checkbox" time="12.102" errors="0" timestamp="2024-04-10T17:37:50 IST" skipped="0">
  <testcase classname="Practice.Checkbox" name="verifycheckbox" time="12.102"/>
  <system-out/>
</testsuite> <!-- Practice.Checkbox -->
