<?xml version="1.0" encoding="UTF-8"?>
<!-- Generated by org.testng.reporters.JUnitReportReporter -->
<testsuite hostname="DESKTOP-6MA0UT3" failures="0" tests="1" name="Practice.TabHandles" time="28.998" errors="0" timestamp="2024-04-11T06:14:54 IST" skipped="0">
  <testcase classname="Practice.TabHandles" name="verifymultipleTabsHandle" time="28.998"/>
  <system-out/>
</testsuite> <!-- Practice.TabHandles -->
